SMA_LAB4_CHECK_TO_BE_PRESENTED/app/build/intermediates/manifest_merge_blame_file/debug/manifest-merger-blame-debug-report.txt
1<?xml version="1.0" encoding="utf-8"?>
2<manifest xmlns:android="http://schemas.android.com/apk/res/android"
3    package="ro.upt.ac.chiuitter"
4    android:versionCode="1"
5    android:versionName="1.0" >
6
7    <uses-sdk
8        android:minSdkVersion="22"
8-->src\main\AndroidManifest.xml
9        android:targetSdkVersion="29" />
9-->src\main\AndroidManifest.xml
10
11    <!-- Although the *SdkVersion is captured in gradle build files, this is required for non gradle builds -->
12    <!-- <uses-sdk android:minSdkVersion="14"/> -->
13    <uses-permission android:name="android.permission.ACCESS_NETWORK_STATE" />
13-->[com.google.firebase:firebase-database:19.2.0] AndroidManifest.xml:25:5-79
13-->[com.google.firebase:firebase-database:19.2.0] AndroidManifest.xml:25:22-76
14    <uses-permission android:name="android.permission.INTERNET" />
14-->[com.google.firebase:firebase-database:19.2.0] AndroidManifest.xml:26:5-67
14-->[com.google.firebase:firebase-database:19.2.0] AndroidManifest.xml:26:22-64
15    <uses-permission android:name="android.permission.WAKE_LOCK" /> <!-- Required by older versions of Google Play services to create IID tokens -->
15-->[com.google.android.gms:play-services-measurement-api:17.2.1] AndroidManifest.xml:24:5-68
15-->[com.google.android.gms:play-services-measurement-api:17.2.1] AndroidManifest.xml:24:22-65
16    <uses-permission android:name="com.google.android.c2dm.permission.RECEIVE" />
16-->[com.google.firebase:firebase-iid:19.0.0] AndroidManifest.xml:26:5-82
16-->[com.google.firebase:firebase-iid:19.0.0] AndroidManifest.xml:26:22-79
17    <uses-permission android:name="com.google.android.finsky.permission.BIND_GET_INSTALL_REFERRER_SERVICE" />
17-->[com.google.android.gms:play-services-measurement:17.2.1] AndroidManifest.xml:26:5-110
17-->[com.google.android.gms:play-services-measurement:17.2.1] AndroidManifest.xml:26:22-107
18
19    <application
19-->src\main\AndroidManifest.xml:5:3-21:17
20        android:allowBackup="true"
20-->src\main\AndroidManifest.xml:6:5-31
21        android:appComponentFactory="androidx.core.app.CoreComponentFactory"
21-->[androidx.core:core:1.1.0] AndroidManifest.xml:24:18-86
22        android:debuggable="true"
23        android:icon="@mipmap/ic_launcher"
23-->src\main\AndroidManifest.xml:7:5-39
24        android:label="@string/app_name"
24-->src\main\AndroidManifest.xml:8:5-37
25        android:roundIcon="@mipmap/ic_launcher_round"
25-->src\main\AndroidManifest.xml:9:5-50
26        android:supportsRtl="true"
26-->src\main\AndroidManifest.xml:10:5-31
27        android:testOnly="true"
28        android:theme="@style/AppTheme" >
28-->src\main\AndroidManifest.xml:11:5-36
29        <activity android:name="ro.upt.ac.chiuitter.view.HomeActivity" >
29-->src\main\AndroidManifest.xml:12:5-18:16
29-->src\main\AndroidManifest.xml:12:15-48
30            <intent-filter>
30-->src\main\AndroidManifest.xml:13:7-17:23
31                <action android:name="android.intent.action.MAIN" />
31-->src\main\AndroidManifest.xml:14:9-60
31-->src\main\AndroidManifest.xml:14:17-58
32
33                <category android:name="android.intent.category.LAUNCHER" />
33-->src\main\AndroidManifest.xml:16:9-68
33-->src\main\AndroidManifest.xml:16:19-66
34            </intent-filter>
35        </activity>
36        <activity android:name="ro.upt.ac.chiuitter.view.ComposeActivity" />
36-->src\main\AndroidManifest.xml:19:5-53
36-->src\main\AndroidManifest.xml:19:15-51
37
38        <service
38-->[com.google.firebase:firebase-database:19.2.0] AndroidManifest.xml:29:9-35:19
39            android:name="com.google.firebase.components.ComponentDiscoveryService"
39-->[com.google.firebase:firebase-database:19.2.0] AndroidManifest.xml:30:13-84
40            android:directBootAware="true"
40-->[com.google.firebase:firebase-common:19.2.0] AndroidManifest.xml:15:13-43
41            android:exported="false" >
41-->[com.google.firebase:firebase-database:19.2.0] AndroidManifest.xml:31:13-37
42            <meta-data
42-->[com.google.firebase:firebase-database:19.2.0] AndroidManifest.xml:32:13-34:85
43                android:name="com.google.firebase.components:com.google.firebase.database.DatabaseRegistrar"
43-->[com.google.firebase:firebase-database:19.2.0] AndroidManifest.xml:33:17-109
44                android:value="com.google.firebase.components.ComponentRegistrar" />
44-->[com.google.firebase:firebase-database:19.2.0] AndroidManifest.xml:34:17-82
45            <meta-data
45-->[com.google.android.gms:play-services-measurement-api:17.2.1] AndroidManifest.xml:30:13-32:85
46                android:name="com.google.firebase.components:com.google.firebase.analytics.connector.internal.AnalyticsConnectorRegistrar"
46-->[com.google.android.gms:play-services-measurement-api:17.2.1] AndroidManifest.xml:31:17-139
47                android:value="com.google.firebase.components.ComponentRegistrar" />
47-->[com.google.android.gms:play-services-measurement-api:17.2.1] AndroidManifest.xml:32:17-82
48            <meta-data
48-->[com.google.firebase:firebase-iid:19.0.0] AndroidManifest.xml:32:13-34:85
49                android:name="com.google.firebase.components:com.google.firebase.iid.Registrar"
49-->[com.google.firebase:firebase-iid:19.0.0] AndroidManifest.xml:33:17-96
50                android:value="com.google.firebase.components.ComponentRegistrar" />
50-->[com.google.firebase:firebase-iid:19.0.0] AndroidManifest.xml:34:17-82
51        </service>
52
53        <receiver
53-->[com.google.firebase:firebase-iid:19.0.0] AndroidManifest.xml:37:9-44:20
54            android:name="com.google.firebase.iid.FirebaseInstanceIdReceiver"
54-->[com.google.firebase:firebase-iid:19.0.0] AndroidManifest.xml:38:13-78
55            android:exported="true"
55-->[com.google.firebase:firebase-iid:19.0.0] AndroidManifest.xml:39:13-36
56            android:permission="com.google.android.c2dm.permission.SEND" >
56-->[com.google.firebase:firebase-iid:19.0.0] AndroidManifest.xml:40:13-73
57            <intent-filter>
57-->[com.google.firebase:firebase-iid:19.0.0] AndroidManifest.xml:41:13-43:29
58                <action android:name="com.google.android.c2dm.intent.RECEIVE" />
58-->[com.google.firebase:firebase-iid:19.0.0] AndroidManifest.xml:42:17-81
58-->[com.google.firebase:firebase-iid:19.0.0] AndroidManifest.xml:42:25-78
59            </intent-filter>
60        </receiver>
61
62        <activity
62-->[com.google.android.gms:play-services-base:17.0.0] AndroidManifest.xml:23:9-26:75
63            android:name="com.google.android.gms.common.api.GoogleApiActivity"
63-->[com.google.android.gms:play-services-base:17.0.0] AndroidManifest.xml:24:13-79
64            android:exported="false"
64-->[com.google.android.gms:play-services-base:17.0.0] AndroidManifest.xml:25:13-37
65            android:theme="@android:style/Theme.Translucent.NoTitleBar" />
65-->[com.google.android.gms:play-services-base:17.0.0] AndroidManifest.xml:26:13-72
66
67        <provider
67-->[com.google.firebase:firebase-common:19.2.0] AndroidManifest.xml:19:9-23:39
68            android:name="com.google.firebase.provider.FirebaseInitProvider"
68-->[com.google.firebase:firebase-common:19.2.0] AndroidManifest.xml:20:13-77
69            android:authorities="ro.upt.ac.chiuitter.firebaseinitprovider"
69-->[com.google.firebase:firebase-common:19.2.0] AndroidManifest.xml:21:13-72
70            android:exported="false"
70-->[com.google.firebase:firebase-common:19.2.0] AndroidManifest.xml:22:13-37
71            android:initOrder="100" />
71-->[com.google.firebase:firebase-common:19.2.0] AndroidManifest.xml:23:13-36
72
73        <receiver
73-->[com.google.android.gms:play-services-measurement:17.2.1] AndroidManifest.xml:29:9-33:20
74            android:name="com.google.android.gms.measurement.AppMeasurementReceiver"
74-->[com.google.android.gms:play-services-measurement:17.2.1] AndroidManifest.xml:30:13-85
75            android:enabled="true"
75-->[com.google.android.gms:play-services-measurement:17.2.1] AndroidManifest.xml:31:13-35
76            android:exported="false" >
76-->[com.google.android.gms:play-services-measurement:17.2.1] AndroidManifest.xml:32:13-37
77        </receiver>
78        <receiver
78-->[com.google.android.gms:play-services-measurement:17.2.1] AndroidManifest.xml:34:9-42:20
79            android:name="com.google.android.gms.measurement.AppMeasurementInstallReferrerReceiver"
79-->[com.google.android.gms:play-services-measurement:17.2.1] AndroidManifest.xml:35:13-100
80            android:enabled="true"
80-->[com.google.android.gms:play-services-measurement:17.2.1] AndroidManifest.xml:36:13-35
81            android:exported="true"
81-->[com.google.android.gms:play-services-measurement:17.2.1] AndroidManifest.xml:37:13-36
82            android:permission="android.permission.INSTALL_PACKAGES" >
82-->[com.google.android.gms:play-services-measurement:17.2.1] AndroidManifest.xml:38:13-69
83            <intent-filter>
83-->[com.google.android.gms:play-services-measurement:17.2.1] AndroidManifest.xml:39:13-41:29
84                <action android:name="com.android.vending.INSTALL_REFERRER" />
84-->[com.google.android.gms:play-services-measurement:17.2.1] AndroidManifest.xml:40:17-79
84-->[com.google.android.gms:play-services-measurement:17.2.1] AndroidManifest.xml:40:25-76
85            </intent-filter>
86        </receiver>
87
88        <service
88-->[com.google.android.gms:play-services-measurement:17.2.1] AndroidManifest.xml:44:9-47:40
89            android:name="com.google.android.gms.measurement.AppMeasurementService"
89-->[com.google.android.gms:play-services-measurement:17.2.1] AndroidManifest.xml:45:13-84
90            android:enabled="true"
90-->[com.google.android.gms:play-services-measurement:17.2.1] AndroidManifest.xml:46:13-35
91            android:exported="false" />
91-->[com.google.android.gms:play-services-measurement:17.2.1] AndroidManifest.xml:47:13-37
92        <service
92-->[com.google.android.gms:play-services-measurement:17.2.1] AndroidManifest.xml:48:9-52:72
93            android:name="com.google.android.gms.measurement.AppMeasurementJobService"
93-->[com.google.android.gms:play-services-measurement:17.2.1] AndroidManifest.xml:49:13-87
94            android:enabled="true"
94-->[com.google.android.gms:play-services-measurement:17.2.1] AndroidManifest.xml:50:13-35
95            android:exported="false"
95-->[com.google.android.gms:play-services-measurement:17.2.1] AndroidManifest.xml:51:13-37
96            android:permission="android.permission.BIND_JOB_SERVICE" />
96-->[com.google.android.gms:play-services-measurement:17.2.1] AndroidManifest.xml:52:13-69
97
98        <meta-data
98-->[com.google.android.gms:play-services-basement:17.0.0] AndroidManifest.xml:23:9-25:69
99            android:name="com.google.android.gms.version"
99-->[com.google.android.gms:play-services-basement:17.0.0] AndroidManifest.xml:24:13-58
100            android:value="@integer/google_play_services_version" />
100-->[com.google.android.gms:play-services-basement:17.0.0] AndroidManifest.xml:25:13-66
101
102        <provider
102-->[androidx.lifecycle:lifecycle-process:2.0.0] AndroidManifest.xml:23:9-27:43
103            android:name="androidx.lifecycle.ProcessLifecycleOwnerInitializer"
103-->[androidx.lifecycle:lifecycle-process:2.0.0] AndroidManifest.xml:24:13-79
104            android:authorities="ro.upt.ac.chiuitter.lifecycle-process"
104-->[androidx.lifecycle:lifecycle-process:2.0.0] AndroidManifest.xml:25:13-69
105            android:exported="false"
105-->[androidx.lifecycle:lifecycle-process:2.0.0] AndroidManifest.xml:26:13-37
106            android:multiprocess="true" />
106-->[androidx.lifecycle:lifecycle-process:2.0.0] AndroidManifest.xml:27:13-40
107    </application>
108
109</manifest>